app/build/outputs/logs/manifest-merger-debug-report.txt
-- Merging decision tree log ---
manifest
ADDED from src\main\AndroidManifest.xml:2:1-34:12
INJECTED from src\main\AndroidManifest.xml:2:1-34:12
INJECTED from src\main\AndroidManifest.xml:2:1-34:12
INJECTED from src\main\AndroidManifest.xml:2:1-34:12
MERGED from [org.mozilla.components:feature-pwa:110.0.20230107143316] AndroidManifest.xml:7:1-29:12
MERGED from [org.mozilla.components:feature-customtabs:110.0.20230107143316] AndroidManifest.xml:7:1-14:12
MERGED from [org.mozilla.components:browser-toolbar:110.0.20230107143316] AndroidManifest.xml:7:1-14:12
MERGED from [org.mozilla.components:browser-menu:110.0.20230107143316] AndroidManifest.xml:7:1-16:12
MERGED from [org.mozilla.components:feature-downloads:110.0.20230107143316] AndroidManifest.xml:7:1-37:12
MERGED from [org.mozilla.components:compose-awesomebar:110.0.20230107143316] AndroidManifest.xml:7:1-14:12
MERGED from [org.mozilla.components:feature-webnotifications:110.0.20230107143316] AndroidManifest.xml:7:1-14:12
MERGED from [org.mozilla.components:feature-intent:110.0.20230107143316] AndroidManifest.xml:7:1-14:12
MERGED from [org.mozilla.components:feature-contextmenu:110.0.20230107143316] AndroidManifest.xml:7:1-14:12
MERGED from [org.mozilla.components:feature-sitepermissions:110.0.20230107143316] AndroidManifest.xml:7:1-14:12
MERGED from [org.mozilla.components:feature-search:110.0.20230107143316] AndroidManifest.xml:7:1-14:12
MERGED from [org.mozilla.components:feature-tabs:110.0.20230107143316] AndroidManifest.xml:7:1-14:12
MERGED from [org.mozilla.components:browser-tabstray:110.0.20230107143316] AndroidManifest.xml:7:1-16:12
MERGED from [org.mozilla.components:concept-tabstray:110.0.20230107143316] AndroidManifest.xml:7:1-14:12
MERGED from [org.mozilla.components:browser-engine-gecko:110.0.20230107143316] AndroidManifest.xml:7:1-14:12
MERGED from [org.mozilla.components:browser-icons:110.0.20230107143316] AndroidManifest.xml:7:1-14:12
MERGED from [org.mozilla.components:browser-thumbnails:110.0.20230107143316] AndroidManifest.xml:7:1-14:12
MERGED from [org.mozilla.components:browser-session-storage:110.0.20230107143316] AndroidManifest.xml:7:1-14:12
MERGED from [org.mozilla.components:feature-toolbar:110.0.20230107143316] AndroidManifest.xml:7:1-16:12
MERGED from [org.mozilla.components:feature-app-links:110.0.20230107143316] AndroidManifest.xml:7:1-14:12
MERGED from [org.mozilla.components:feature-session:110.0.20230107143316] AndroidManifest.xml:7:1-14:12
MERGED from [org.mozilla.components:feature-privatemode:110.0.20230107143316] AndroidManifest.xml:7:1-14:12
MERGED from [org.mozilla.components:feature-prompts:110.0.20230107143316] AndroidManifest.xml:7:1-31:12
MERGED from [org.mozilla.components:feature-findinpage:110.0.20230107143316] AndroidManifest.xml:7:1-14:12
MERGED from [org.mozilla.components:support-webextensions:110.0.20230107143316] AndroidManifest.xml:7:1-14:12
MERGED from [org.mozilla.components:support-locale:110.0.20230107143316] AndroidManifest.xml:7:1-14:12
MERGED from [org.mozilla.components:browser-state:110.0.20230107143316] AndroidManifest.xml:7:1-14:12
MERGED from [org.mozilla.components:browser-engine-system:110.0.20230107143316] AndroidManifest.xml:7:1-14:12
MERGED from [org.mozilla.components:feature-webcompat:110.0.20230107143316] AndroidManifest.xml:7:1-16:12
MERGED from [org.mozilla.components:concept-engine:110.0.20230107143316] AndroidManifest.xml:7:1-14:12
MERGED from [org.mozilla.components:ui-tabcounter:110.0.20230107143316] AndroidManifest.xml:7:1-16:12
MERGED from [org.mozilla.components:browser-menu2:110.0.20230107143316] AndroidManifest.xml:7:1-16:12
MERGED from [org.mozilla.components:concept-menu:110.0.20230107143316] AndroidManifest.xml:7:1-14:12
MERGED from [org.mozilla.components:concept-toolbar:110.0.20230107143316] AndroidManifest.xml:7:1-14:12
MERGED from [org.mozilla.components:concept-awesomebar:110.0.20230107143316] AndroidManifest.xml:7:1-14:12
MERGED from [org.mozilla.components:service-location:110.0.20230107143316] AndroidManifest.xml:7:1-14:12
MERGED from [org.mozilla.components:service-digitalassetlinks:110.0.20230107143316] AndroidManifest.xml:7:1-14:12
MERGED from [org.mozilla.components:browser-storage-sync:110.0.20230107143316] AndroidManifest.xml:7:1-14:12
MERGED from [org.mozilla.components:concept-storage:110.0.20230107143316] AndroidManifest.xml:7:1-14:12
MERGED from [org.mozilla.components:browser-errorpages:110.0.20230107143316] AndroidManifest.xml:7:1-14:12
MERGED from [org.mozilla.components:lib-state:110.0.20230107143316] AndroidManifest.xml:7:1-16:12
MERGED from [org.mozilla.components:support-sync-telemetry:110.0.20230107143316] AndroidManifest.xml:7:1-14:12
MERGED from [org.mozilla.components:service-glean:110.0.20230107143316] AndroidManifest.xml:7:1-14:12
MERGED from [org.mozilla.components:support-ktx:110.0.20230107143316] AndroidManifest.xml:7:1-22:12
MERGED from [org.mozilla.components:ui-autocomplete:110.0.20230107143316] AndroidManifest.xml:7:1-14:12
MERGED from [org.mozilla.components:support-utils:110.0.20230107143316] AndroidManifest.xml:7:1-26:12
MERGED from [org.mozilla.components:support-images:110.0.20230107143316] AndroidManifest.xml:7:1-14:12
MERGED from [org.mozilla.components:concept-sync:110.0.20230107143316] AndroidManifest.xml:7:1-14:12
MERGED from [org.mozilla.components:support-base:110.0.20230107143316] AndroidManifest.xml:7:1-14:12
MERGED from [org.mozilla.components:lib-publicsuffixlist:110.0.20230107143316] AndroidManifest.xml:7:1-14:12
MERGED from [androidx.databinding:viewbinding:7.3.1] AndroidManifest.xml:2:1-9:12
MERGED from [org.mozilla.components:concept-base:110.0.20230107143316] AndroidManifest.xml:7:1-14:12
MERGED from [org.mozilla.components:browser-domains:110.0.20230107143316] AndroidManifest.xml:7:1-14:12
MERGED from [org.mozilla.components:lib-fetch-httpurlconnection:110.0.20230107143316] AndroidManifest.xml:7:1-14:12
MERGED from [androidx.compose.ui:ui-tooling:1.3.1] AndroidManifest.xml:17:1-28:12
MERGED from [androidx.compose.material:material:1.3.1] AndroidManifest.xml:17:1-22:12
MERGED from [androidx.compose.material:material-ripple:1.3.1] AndroidManifest.xml:17:1-22:12
MERGED from [androidx.compose.foundation:foundation:1.3.1] AndroidManifest.xml:17:1-22:12
MERGED from [org.mozilla.components:ui-colors:110.0.20230107143316] AndroidManifest.xml:7:1-14:12
MERGED from [androidx.activity:activity-compose:1.3.0] AndroidManifest.xml:17:1-24:12
MERGED from [androidx.compose.animation:animation:1.3.1] AndroidManifest.xml:17:1-22:12
MERGED from [androidx.compose.ui:ui-tooling-data:1.3.1] AndroidManifest.xml:17:1-22:12
MERGED from [androidx.compose.foundation:foundation-layout:1.3.1] AndroidManifest.xml:17:1-22:12
MERGED from [androidx.compose.material:material-icons-core:1.3.1] AndroidManifest.xml:17:1-22:12
MERGED from [androidx.compose.animation:animation-core:1.3.1] AndroidManifest.xml:17:1-22:12
MERGED from [androidx.compose.ui:ui:1.3.3] AndroidManifest.xml:17:1-22:12
MERGED from [androidx.navigation:navigation-ui-ktx:2.5.3] AndroidManifest.xml:17:1-24:12
MERGED from [androidx.navigation:navigation-ui:2.5.3] AndroidManifest.xml:17:1-24:12
MERGED from [com.google.android.material:material:1.7.0] AndroidManifest.xml:17:1-26:12
MERGED from [androidx.constraintlayout:constraintlayout:2.1.4] AndroidManifest.xml:2:1-11:12
MERGED from [com.google.dagger:dagger-android-support:2.38.1] AndroidManifest.xml:17:1-22:12
MERGED from [androidx.preference:preference-ktx:1.2.0] AndroidManifest.xml:17:1-24:12
MERGED from [androidx.preference:preference:1.2.0] AndroidManifest.xml:17:1-24:12
MERGED from [androidx.appcompat:appcompat-resources:1.6.0] AndroidManifest.xml:17:1-22:12
MERGED from [androidx.appcompat:appcompat:1.6.0] AndroidManifest.xml:17:1-22:12
MERGED from [org.mozilla.appservices:places:96.2.1] AndroidManifest.xml:2:1-9:12
MERGED from [org.mozilla.telemetry:glean:51.8.2] AndroidManifest.xml:2:1-16:12
MERGED from [org.mozilla.geckoview:geckoview-nightly-omni:110.0.20230107093442] AndroidManifest.xml:7:1-373:12
MERGED from [androidx.legacy:legacy-support-v4:1.0.0] AndroidManifest.xml:17:1-22:12
MERGED from [androidx.viewpager2:viewpager2:1.0.0] AndroidManifest.xml:17:1-24:12
MERGED from [androidx.navigation:navigation-fragment-ktx:2.5.3] AndroidManifest.xml:17:1-24:12
MERGED from [androidx.navigation:navigation-fragment:2.5.3] AndroidManifest.xml:17:1-24:12
MERGED from [androidx.fragment:fragment-ktx:1.5.4] AndroidManifest.xml:17:1-24:12
MERGED from [androidx.lifecycle:lifecycle-extensions:2.2.0] AndroidManifest.xml:17:1-27:12
MERGED from [com.google.android.gms:play-services-fido:18.1.0] AndroidManifest.xml:2:1-10:12
MERGED from [com.google.android.gms:play-services-base:17.0.0] AndroidManifest.xml:17:1-29:12
MERGED from [com.google.android.gms:play-services-tasks:17.0.0] AndroidManifest.xml:2:1-9:12
MERGED from [com.google.android.gms:play-services-basement:17.0.0] AndroidManifest.xml:17:1-28:12
MERGED from [androidx.fragment:fragment:1.5.4] AndroidManifest.xml:17:1-24:12
MERGED from [androidx.activity:activity:1.6.0] AndroidManifest.xml:17:1-22:12
MERGED from [androidx.navigation:navigation-runtime-ktx:2.5.3] AndroidManifest.xml:17:1-24:12
MERGED from [androidx.navigation:navigation-runtime:2.5.3] AndroidManifest.xml:17:1-24:12
MERGED from [androidx.activity:activity-ktx:1.6.0] AndroidManifest.xml:17:1-22:12
MERGED from [androidx.navigation:navigation-common-ktx:2.5.3] AndroidManifest.xml:17:1-24:12
MERGED from [androidx.navigation:navigation-common:2.5.3] AndroidManifest.xml:17:1-24:12
MERGED from [androidx.lifecycle:lifecycle-runtime-ktx:2.5.1] AndroidManifest.xml:17:1-24:12
MERGED from [androidx.work:work-runtime-ktx:2.7.1] AndroidManifest.xml:17:1-24:12
MERGED from [androidx.room:room-ktx:2.4.3] AndroidManifest.xml:17:1-24:12
MERGED from [androidx.lifecycle:lifecycle-viewmodel-ktx:2.5.1] AndroidManifest.xml:17:1-24:12
MERGED from [androidx.compose.ui:ui-text:1.3.3] AndroidManifest.xml:17:1-22:12
MERGED from [androidx.compose.runtime:runtime-saveable:1.3.3] AndroidManifest.xml:17:1-22:12
MERGED from [androidx.compose.ui:ui-graphics:1.3.3] AndroidManifest.xml:17:1-22:12
MERGED from [androidx.compose.ui:ui-unit:1.3.3] AndroidManifest.xml:17:1-22:12
MERGED from [androidx.compose.ui:ui-geometry:1.3.3] AndroidManifest.xml:17:1-22:12
MERGED from [androidx.compose.ui:ui-tooling-preview:1.3.1] AndroidManifest.xml:17:1-22:12
MERGED from [androidx.compose.runtime:runtime:1.3.3] AndroidManifest.xml:17:1-22:12
MERGED from [androidx.dynamicanimation:dynamicanimation:1.0.0] AndroidManifest.xml:17:1-22:12
MERGED from [androidx.palette:palette-ktx:1.0.0] AndroidManifest.xml:17:1-22:12
MERGED from [androidx.palette:palette:1.0.0] AndroidManifest.xml:17:1-22:12
MERGED from [androidx.legacy:legacy-support-core-ui:1.0.0] AndroidManifest.xml:17:1-22:12
MERGED from [androidx.legacy:legacy-support-core-utils:1.0.0] AndroidManifest.xml:17:1-22:12
MERGED from [androidx.loader:loader:1.0.0] AndroidManifest.xml:17:1-22:12
MERGED from [androidx.lifecycle:lifecycle-viewmodel:2.5.1] AndroidManifest.xml:17:1-24:12
MERGED from [androidx.lifecycle:lifecycle-viewmodel-savedstate:2.5.1] AndroidManifest.xml:17:1-24:12
MERGED from [androidx.lifecycle:lifecycle-livedata-ktx:2.5.1] AndroidManifest.xml:17:1-24:12
MERGED from [androidx.slidingpanelayout:slidingpanelayout:1.2.0] AndroidManifest.xml:17:1-24:12
MERGED from [androidx.window:window:1.0.0] AndroidManifest.xml:17:1-33:12
MERGED from [org.mozilla.appservices:tabs:96.2.1] AndroidManifest.xml:2:1-9:12
MERGED from [org.mozilla.appservices:sync15:96.2.1] AndroidManifest.xml:2:1-9:12
MERGED from [org.mozilla.appservices:full-megazord:96.2.1] AndroidManifest.xml:2:1-9:12
MERGED from [org.mozilla.appservices:native-support:96.2.1] AndroidManifest.xml:2:1-9:12
MERGED from [androidx.paging:paging-runtime:2.1.2] AndroidManifest.xml:17:1-22:12
MERGED from [androidx.recyclerview:recyclerview:1.2.1] AndroidManifest.xml:17:1-24:12
MERGED from [androidx.drawerlayout:drawerlayout:1.1.1] AndroidManifest.xml:17:1-24:12
MERGED from [androidx.coordinatorlayout:coordinatorlayout:1.1.0] AndroidManifest.xml:17:1-24:12
MERGED from [androidx.vectordrawable:vectordrawable-animated:1.1.0] AndroidManifest.xml:17:1-24:12
MERGED from [androidx.vectordrawable:vectordrawable:1.1.0] AndroidManifest.xml:17:1-24:12
MERGED from [androidx.viewpager:viewpager:1.0.0] AndroidManifest.xml:17:1-22:12
MERGED from [androidx.customview:customview:1.1.0] AndroidManifest.xml:17:1-24:12
MERGED from [androidx.emoji2:emoji2-views-helper:1.2.0] AndroidManifest.xml:2:1-7:12
MERGED from [androidx.emoji2:emoji2:1.2.0] AndroidManifest.xml:17:1-35:12
MERGED from [androidx.media:media:1.0.0] AndroidManifest.xml:17:1-22:12
MERGED from [com.jakewharton:butterknife:10.2.1] AndroidManifest.xml:2:1-7:12
MERGED from [com.jakewharton:butterknife-runtime:10.2.1] AndroidManifest.xml:2:1-7:12
MERGED from [androidx.browser:browser:1.3.0] AndroidManifest.xml:17:1-24:12
MERGED from [androidx.swiperefreshlayout:swiperefreshlayout:1.1.0] AndroidManifest.xml:17:1-24:12
MERGED from [androidx.autofill:autofill:1.0.0] AndroidManifest.xml:17:1-24:12
MERGED from [androidx.asynclayoutinflater:asynclayoutinflater:1.0.0] AndroidManifest.xml:17:1-22:12
MERGED from [androidx.work:work-runtime:2.7.1] AndroidManifest.xml:17:1-145:12
MERGED from [androidx.transition:transition:1.4.1] AndroidManifest.xml:17:1-24:12
MERGED from [androidx.core:core:1.9.0] AndroidManifest.xml:17:1-30:12
MERGED from [androidx.customview:customview-poolingcontainer:1.0.0] AndroidManifest.xml:17:1-23:12
MERGED from [androidx.core:core-ktx:1.9.0] AndroidManifest.xml:2:1-7:12
MERGED from [com.google.dagger:dagger-android:2.38.1] AndroidManifest.xml:17:1-22:12
MERGED from [androidx.cardview:cardview:1.0.0] AndroidManifest.xml:17:1-22:12
MERGED from [androidx.lifecycle:lifecycle-process:2.5.1] AndroidManifest.xml:17:1-37:12
MERGED from [androidx.lifecycle:lifecycle-service:2.2.0] AndroidManifest.xml:17:1-24:12
MERGED from [androidx.lifecycle:lifecycle-runtime:2.5.1] AndroidManifest.xml:17:1-24:12
MERGED from [androidx.cursoradapter:cursoradapter:1.0.0] AndroidManifest.xml:17:1-22:12
MERGED from [androidx.savedstate:savedstate-ktx:1.2.0] AndroidManifest.xml:17:1-24:12
MERGED from [androidx.savedstate:savedstate:1.2.0] AndroidManifest.xml:17:1-24:12
MERGED from [androidx.localbroadcastmanager:localbroadcastmanager:1.0.0] AndroidManifest.xml:17:1-22:12
MERGED from [androidx.profileinstaller:profileinstaller:1.2.0] AndroidManifest.xml:17:1-50:12
MERGED from [androidx.versionedparcelable:versionedparcelable:1.1.1] AndroidManifest.xml:17:1-27:12
MERGED from [androidx.lifecycle:lifecycle-livedata:2.5.1] AndroidManifest.xml:17:1-24:12
MERGED from [androidx.lifecycle:lifecycle-livedata-core-ktx:2.5.1] AndroidManifest.xml:17:1-24:12
MERGED from [androidx.lifecycle:lifecycle-livedata-core:2.5.1] AndroidManifest.xml:17:1-24:12
MERGED from [androidx.room:room-runtime:2.4.3] AndroidManifest.xml:17:1-31:12
MERGED from [androidx.arch.core:core-runtime:2.1.0] AndroidManifest.xml:17:1-24:12
MERGED from [androidx.startup:startup-runtime:1.1.1] AndroidManifest.xml:17:1-33:12
MERGED from [androidx.tracing:tracing:1.0.0] AndroidManifest.xml:17:1-24:12
MERGED from [androidx.documentfile:documentfile:1.0.0] AndroidManifest.xml:17:1-22:12
MERGED from [androidx.print:print:1.0.0] AndroidManifest.xml:17:1-22:12
MERGED from [androidx.interpolator:interpolator:1.0.0] AndroidManifest.xml:17:1-22:12
MERGED from [androidx.sqlite:sqlite-framework:2.2.0] AndroidManifest.xml:17:1-24:12
MERGED from [androidx.sqlite:sqlite:2.2.0] AndroidManifest.xml:17:1-24:12
MERGED from [org.mozilla.geckoview:geckoview-exoplayer2-nightly:110.0.20230107093442] AndroidManifest.xml:7:1-14:12
MERGED from [org.mozilla.components:concept-fetch:110.0.20230107143316] AndroidManifest.xml:7:1-14:12
MERGED from [io.reactivex.rxjava2:rxandroid:2.1.1] AndroidManifest.xml:15:1-20:12
MERGED from [androidx.compose.ui:ui-util:1.3.3] AndroidManifest.xml:17:1-22:12
MERGED from [androidx.annotation:annotation-experimental:1.3.0] AndroidManifest.xml:17:1-22:12
MERGED from [com.google.dagger:dagger-lint-aar:2.38.1] AndroidManifest.xml:16:1-19:12
MERGED from [org.mozilla.components:ui-icons:110.0.20230107143316] AndroidManifest.xml:7:1-14:12
MERGED from [net.java.dev.jna:jna:5.12.1] AndroidManifest.xml:2:1-8:12
INJECTED from src\main\AndroidManifest.xml:2:1-34:12
INJECTED from src\main\AndroidManifest.xml:2:1-34:12
INJECTED from src\main\AndroidManifest.xml:2:1-34:12
	package
		INJECTED from src\main\AndroidManifest.xml
		ADDED from src\main\AndroidManifest.xml:2:1-34:12
		INJECTED from src\main\AndroidManifest.xml
	android:versionName
		INJECTED from src\main\AndroidManifest.xml
		ADDED from src\main\AndroidManifest.xml:2:1-34:12
		INJECTED from src\main\AndroidManifest.xml
	xmlns:tools
		ADDED from src\main\AndroidManifest.xml:3:5-51
	android:versionCode
		INJECTED from src\main\AndroidManifest.xml
		ADDED from src\main\AndroidManifest.xml:2:1-34:12
		INJECTED from src\main\AndroidManifest.xml
	xmlns:android
		ADDED from src\main\AndroidManifest.xml:2:11-69
uses-permission#android.permission.INTERNET
ADDED from src\main\AndroidManifest.xml:5:5-67
MERGED from [org.mozilla.geckoview:geckoview-nightly-omni:110.0.20230107093442] AndroidManifest.xml:16:5-67
MERGED from [org.mozilla.geckoview:geckoview-nightly-omni:110.0.20230107093442] AndroidManifest.xml:16:5-67
	android:name
		ADDED from src\main\AndroidManifest.xml:5:22-64
uses-permission#com.android.launcher.permission.INSTALL_SHORTCUT
ADDED from src\main\AndroidManifest.xml:6:5-88
MERGED from [org.mozilla.components:feature-pwa:110.0.20230107143316] AndroidManifest.xml:14:5-16:38
MERGED from [org.mozilla.components:feature-pwa:110.0.20230107143316] AndroidManifest.xml:14:5-16:38
	android:maxSdkVersion
		ADDED from [org.mozilla.components:feature-pwa:110.0.20230107143316] AndroidManifest.xml:16:9-35
	android:name
		ADDED from src\main\AndroidManifest.xml:6:22-85
application
ADDED from src\main\AndroidManifest.xml:8:5-32:19
MERGED from [org.mozilla.components:feature-pwa:110.0.20230107143316] AndroidManifest.xml:18:5-27:19
MERGED from [org.mozilla.components:feature-pwa:110.0.20230107143316] AndroidManifest.xml:18:5-27:19
MERGED from [org.mozilla.components:browser-menu:110.0.20230107143316] AndroidManifest.xml:14:5-47
MERGED from [org.mozilla.components:browser-menu:110.0.20230107143316] AndroidManifest.xml:14:5-47
MERGED from [org.mozilla.components:feature-downloads:110.0.20230107143316] AndroidManifest.xml:25:5-35:19
MERGED from [org.mozilla.components:feature-downloads:110.0.20230107143316] AndroidManifest.xml:25:5-35:19
MERGED from [org.mozilla.components:browser-tabstray:110.0.20230107143316] AndroidManifest.xml:14:5-47
MERGED from [org.mozilla.components:browser-tabstray:110.0.20230107143316] AndroidManifest.xml:14:5-47
MERGED from [org.mozilla.components:feature-toolbar:110.0.20230107143316] AndroidManifest.xml:14:5-47
MERGED from [org.mozilla.components:feature-toolbar:110.0.20230107143316] AndroidManifest.xml:14:5-47
MERGED from [org.mozilla.components:feature-prompts:110.0.20230107143316] AndroidManifest.xml:19:5-29:19
MERGED from [org.mozilla.components:feature-prompts:110.0.20230107143316] AndroidManifest.xml:19:5-29:19
MERGED from [org.mozilla.components:feature-webcompat:110.0.20230107143316] AndroidManifest.xml:14:5-47
MERGED from [org.mozilla.components:feature-webcompat:110.0.20230107143316] AndroidManifest.xml:14:5-47
MERGED from [org.mozilla.components:ui-tabcounter:110.0.20230107143316] AndroidManifest.xml:14:5-47
MERGED from [org.mozilla.components:ui-tabcounter:110.0.20230107143316] AndroidManifest.xml:14:5-47
MERGED from [org.mozilla.components:browser-menu2:110.0.20230107143316] AndroidManifest.xml:14:5-47
MERGED from [org.mozilla.components:browser-menu2:110.0.20230107143316] AndroidManifest.xml:14:5-47
MERGED from [org.mozilla.components:lib-state:110.0.20230107143316] AndroidManifest.xml:14:5-20
MERGED from [org.mozilla.components:lib-state:110.0.20230107143316] AndroidManifest.xml:14:5-20
MERGED from [androidx.compose.ui:ui-tooling:1.3.1] AndroidManifest.xml:22:5-26:19
MERGED from [androidx.compose.ui:ui-tooling:1.3.1] AndroidManifest.xml:22:5-26:19
MERGED from [com.google.android.material:material:1.7.0] AndroidManifest.xml:24:5-20
MERGED from [com.google.android.material:material:1.7.0] AndroidManifest.xml:24:5-20
MERGED from [androidx.constraintlayout:constraintlayout:2.1.4] AndroidManifest.xml:9:5-20
MERGED from [androidx.constraintlayout:constraintlayout:2.1.4] AndroidManifest.xml:9:5-20
MERGED from [org.mozilla.telemetry:glean:51.8.2] AndroidManifest.xml:9:5-14:19
MERGED from [org.mozilla.telemetry:glean:51.8.2] AndroidManifest.xml:9:5-14:19
MERGED from [org.mozilla.geckoview:geckoview-nightly-omni:110.0.20230107093442] AndroidManifest.xml:48:5-371:19
MERGED from [org.mozilla.geckoview:geckoview-nightly-omni:110.0.20230107093442] AndroidManifest.xml:48:5-371:19
MERGED from [androidx.lifecycle:lifecycle-extensions:2.2.0] AndroidManifest.xml:24:5-25:19
MERGED from [androidx.lifecycle:lifecycle-extensions:2.2.0] AndroidManifest.xml:24:5-25:19
MERGED from [com.google.android.gms:play-services-fido:18.1.0] AndroidManifest.xml:7:5-8:19
MERGED from [com.google.android.gms:play-services-fido:18.1.0] AndroidManifest.xml:7:5-8:19
MERGED from [com.google.android.gms:play-services-base:17.0.0] AndroidManifest.xml:22:5-27:19
MERGED from [com.google.android.gms:play-services-base:17.0.0] AndroidManifest.xml:22:5-27:19
MERGED from [com.google.android.gms:play-services-tasks:17.0.0] AndroidManifest.xml:7:5-20
MERGED from [com.google.android.gms:play-services-tasks:17.0.0] AndroidManifest.xml:7:5-20
MERGED from [com.google.android.gms:play-services-basement:17.0.0] AndroidManifest.xml:22:5-26:19
MERGED from [com.google.android.gms:play-services-basement:17.0.0] AndroidManifest.xml:22:5-26:19
MERGED from [androidx.window:window:1.0.0] AndroidManifest.xml:24:5-31:19
MERGED from [androidx.window:window:1.0.0] AndroidManifest.xml:24:5-31:19
MERGED from [androidx.emoji2:emoji2:1.2.0] AndroidManifest.xml:23:5-33:19
MERGED from [androidx.emoji2:emoji2:1.2.0] AndroidManifest.xml:23:5-33:19
MERGED from [androidx.work:work-runtime:2.7.1] AndroidManifest.xml:30:5-143:19
MERGED from [androidx.work:work-runtime:2.7.1] AndroidManifest.xml:30:5-143:19
MERGED from [androidx.core:core:1.9.0] AndroidManifest.xml:28:5-89
MERGED from [androidx.core:core:1.9.0] AndroidManifest.xml:28:5-89
MERGED from [androidx.lifecycle:lifecycle-process:2.5.1] AndroidManifest.xml:25:5-35:19
MERGED from [androidx.lifecycle:lifecycle-process:2.5.1] AndroidManifest.xml:25:5-35:19
MERGED from [androidx.profileinstaller:profileinstaller:1.2.0] AndroidManifest.xml:24:5-48:19
MERGED from [androidx.profileinstaller:profileinstaller:1.2.0] AndroidManifest.xml:24:5-48:19
MERGED from [androidx.versionedparcelable:versionedparcelable:1.1.1] AndroidManifest.xml:24:5-25:19
MERGED from [androidx.versionedparcelable:versionedparcelable:1.1.1] AndroidManifest.xml:24:5-25:19
MERGED from [androidx.room:room-runtime:2.4.3] AndroidManifest.xml:24:5-29:19
MERGED from [androidx.room:room-runtime:2.4.3] AndroidManifest.xml:24:5-29:19
MERGED from [androidx.startup:startup-runtime:1.1.1] AndroidManifest.xml:25:5-31:19
MERGED from [androidx.startup:startup-runtime:1.1.1] AndroidManifest.xml:25:5-31:19
	android:appComponentFactory
		ADDED from [androidx.core:core:1.9.0] AndroidManifest.xml:28:18-86
	android:supportsRtl
		ADDED from src\main\AndroidManifest.xml:16:9-35
	android:label
		ADDED from src\main\AndroidManifest.xml:14:9-41
	android:hardwareAccelerated
		ADDED from src\main\AndroidManifest.xml:12:9-44
	android:fullBackupContent
		ADDED from src\main\AndroidManifest.xml:11:9-54
	android:roundIcon
		ADDED from src\main\AndroidManifest.xml:15:9-48
	android:icon
		ADDED from src\main\AndroidManifest.xml:13:9-43
	android:allowBackup
		ADDED from src\main\AndroidManifest.xml:10:9-35
	android:theme
		ADDED from src\main\AndroidManifest.xml:17:9-52
	android:name
		ADDED from src\main\AndroidManifest.xml:9:9-35
activity#com.exzi.android.BrowserActivity
ADDED from src\main\AndroidManifest.xml:19:9-30:20
	android:launchMode
		ADDED from src\main\AndroidManifest.xml:23:13-44
	android:exported
		ADDED from src\main\AndroidManifest.xml:22:13-36
	android:supportsPictureInPicture
		ADDED from src\main\AndroidManifest.xml:25:13-52
	android:resizeableActivity
		ADDED from src\main\AndroidManifest.xml:24:13-46
	android:configChanges
		ADDED from src\main\AndroidManifest.xml:21:13-146
	android:name
		ADDED from src\main\AndroidManifest.xml:20:13-44
intent-filter#action:name:android.intent.action.MAIN+category:name:android.intent.category.LAUNCHER
ADDED from src\main\AndroidManifest.xml:26:13-29:29
action#android.intent.action.MAIN
ADDED from src\main\AndroidManifest.xml:27:17-69
	android:name
		ADDED from src\main\AndroidManifest.xml:27:25-66
category#android.intent.category.LAUNCHER
ADDED from src\main\AndroidManifest.xml:28:17-77
	android:name
		ADDED from src\main\AndroidManifest.xml:28:27-74
uses-sdk
INJECTED from src\main\AndroidManifest.xml reason: use-sdk injection requested
INJECTED from src\main\AndroidManifest.xml
INJECTED from src\main\AndroidManifest.xml
MERGED from [org.mozilla.components:feature-pwa:110.0.20230107143316] AndroidManifest.xml:10:5-12:41
MERGED from [org.mozilla.components:feature-pwa:110.0.20230107143316] AndroidManifest.xml:10:5-12:41
MERGED from [org.mozilla.components:feature-customtabs:110.0.20230107143316] AndroidManifest.xml:10:5-12:41
MERGED from [org.mozilla.components:feature-customtabs:110.0.20230107143316] AndroidManifest.xml:10:5-12:41
MERGED from [org.mozilla.components:browser-toolbar:110.0.20230107143316] AndroidManifest.xml:10:5-12:41
MERGED from [org.mozilla.components:browser-toolbar:110.0.20230107143316] AndroidManifest.xml:10:5-12:41
MERGED from [org.mozilla.components:browser-menu:110.0.20230107143316] AndroidManifest.xml:10:5-12:41
MERGED from [org.mozilla.components:browser-menu:110.0.20230107143316] AndroidManifest.xml:10:5-12:41
MERGED from [org.mozilla.components:feature-downloads:110.0.20230107143316] AndroidManifest.xml:11:5-13:41
MERGED from [org.mozilla.components:feature-downloads:110.0.20230107143316] AndroidManifest.xml:11:5-13:41
MERGED from [org.mozilla.components:compose-awesomebar:110.0.20230107143316] AndroidManifest.xml:10:5-12:41
MERGED from [org.mozilla.components:compose-awesomebar:110.0.20230107143316] AndroidManifest.xml:10:5-12:41
MERGED from [org.mozilla.components:feature-webnotifications:110.0.20230107143316] AndroidManifest.xml:10:5-12:41
MERGED from [org.mozilla.components:feature-webnotifications:110.0.20230107143316] AndroidManifest.xml:10:5-12:41
MERGED from [org.mozilla.components:feature-intent:110.0.20230107143316] AndroidManifest.xml:10:5-12:41
MERGED from [org.mozilla.components:feature-intent:110.0.20230107143316] AndroidManifest.xml:10:5-12:41
MERGED from [org.mozilla.components:feature-contextmenu:110.0.20230107143316] AndroidManifest.xml:10:5-12:41
MERGED from [org.mozilla.components:feature-contextmenu:110.0.20230107143316] AndroidManifest.xml:10:5-12:41
MERGED from [org.mozilla.components:feature-sitepermissions:110.0.20230107143316] AndroidManifest.xml:10:5-12:41
MERGED from [org.mozilla.components:feature-sitepermissions:110.0.20230107143316] AndroidManifest.xml:10:5-12:41
MERGED from [org.mozilla.components:feature-search:110.0.20230107143316] AndroidManifest.xml:10:5-12:41
MERGED from [org.mozilla.components:feature-search:110.0.20230107143316] AndroidManifest.xml:10:5-12:41
MERGED from [org.mozilla.components:feature-tabs:110.0.20230107143316] AndroidManifest.xml:10:5-12:41
MERGED from [org.mozilla.components:feature-tabs:110.0.20230107143316] AndroidManifest.xml:10:5-12:41
MERGED from [org.mozilla.components:browser-tabstray:110.0.20230107143316] AndroidManifest.xml:10:5-12:41
MERGED from [org.mozilla.components:browser-tabstray:110.0.20230107143316] AndroidManifest.xml:10:5-12:41
MERGED from [org.mozilla.components:concept-tabstray:110.0.20230107143316] AndroidManifest.xml:10:5-12:41
MERGED from [org.mozilla.components:concept-tabstray:110.0.20230107143316] AndroidManifest.xml:10:5-12:41
MERGED from [org.mozilla.components:browser-engine-gecko:110.0.20230107143316] AndroidManifest.xml:10:5-12:41
MERGED from [org.mozilla.components:browser-engine-gecko:110.0.20230107143316] AndroidManifest.xml:10:5-12:41
MERGED from [org.mozilla.components:browser-icons:110.0.20230107143316] AndroidManifest.xml:10:5-12:41
MERGED from [org.mozilla.components:browser-icons:110.0.20230107143316] AndroidManifest.xml:10:5-12:41
MERGED from [org.mozilla.components:browser-thumbnails:110.0.20230107143316] AndroidManifest.xml:10:5-12:41
MERGED from [org.mozilla.components:browser-thumbnails:110.0.20230107143316] AndroidManifest.xml:10:5-12:41
MERGED from [org.mozilla.components:browser-session-storage:110.0.20230107143316] AndroidManifest.xml:10:5-12:41
MERGED from [org.mozilla.components:browser-session-storage:110.0.20230107143316] AndroidManifest.xml:10:5-12:41
MERGED from [org.mozilla.components:feature-toolbar:110.0.20230107143316] AndroidManifest.xml:10:5-12:41
MERGED from [org.mozilla.components:feature-toolbar:110.0.20230107143316] AndroidManifest.xml:10:5-12:41
MERGED from [org.mozilla.components:feature-app-links:110.0.20230107143316] AndroidManifest.xml:10:5-12:41
MERGED from [org.mozilla.components:feature-app-links:110.0.20230107143316] AndroidManifest.xml:10:5-12:41
MERGED from [org.mozilla.components:feature-session:110.0.20230107143316] AndroidManifest.xml:10:5-12:41
MERGED from [org.mozilla.components:feature-session:110.0.20230107143316] AndroidManifest.xml:10:5-12:41
MERGED from [org.mozilla.components:feature-privatemode:110.0.20230107143316] AndroidManifest.xml:10:5-12:41
MERGED from [org.mozilla.components:feature-privatemode:110.0.20230107143316] AndroidManifest.xml:10:5-12:41